
Showing logs for build [32mcb-kubecd-environment-pr-164-37-k4kh9-1[0m stage [32mfrom-build-pack[0m and container [32mstep-credential-initializer-lnrxv[0m
{"level":"warn","ts":1582231582.9845057,"logger":"fallback-logger","caller":"logging/config.go:69","msg":"Fetch GitHub commit ID from kodata failed: \"ref: refs/heads/0.8.0-**-support-backwards-incompats\" is not a valid GitHub commit ID"}
{"level":"info","ts":1582231582.9854157,"logger":"fallback-logger","caller":"creds-init/main.go:40","msg":"Credentials initialized."}

Showing logs for build [32mcb-kubecd-environment-pr-164-37-k4kh9-1[0m stage [32mfrom-build-pack[0m and container [32mstep-working-dir-initializer-sm5mq[0m
{"level":"warn","ts":1582231584.384832,"logger":"fallback-logger","caller":"logging/config.go:69","msg":"Fetch GitHub commit ID from kodata failed: open /var/run/ko/HEAD: no such file or directory"}
{"level":"info","ts":1582231584.386388,"logger":"fallback-logger","caller":"bash/main.go:64","msg":"Successfully executed command \"sh -c mkdir -p /workspace/source\"; output "}

Showing logs for build [32mcb-kubecd-environment-pr-164-37-k4kh9-1[0m stage [32mfrom-build-pack[0m and container [32mstep-place-tools[0m

Showing logs for build [32mcb-kubecd-environment-pr-164-37-k4kh9-1[0m stage [32mfrom-build-pack[0m and container [32mstep-git-source-cb-kubecd-environment-pr-164-37-k4kh9-dl6b2[0m
{"level":"warn","ts":1582231590.5035067,"logger":"fallback-logger","caller":"logging/config.go:69","msg":"Fetch GitHub commit ID from kodata failed: \"ref: refs/heads/0.8.0-**-support-backwards-incompats\" is not a valid GitHub commit ID"}
{"level":"info","ts":1582231591.608167,"logger":"fallback-logger","caller":"git/git.go:103","msg":"Successfully cloned https://github.com/cb-kubecd/environment-pr-164-37-boot-gke-staging.git @ master in path /workspace/source"}

Showing logs for build [32mcb-kubecd-environment-pr-164-37-k4kh9-1[0m stage [32mfrom-build-pack[0m and container [32mstep-git-merge[0m
Using SHAs from PULL_REFS=master:9f2c12e2f5c204e876576eaacb28d9b0c5c0b79e,2:ceace41a462d8bfa0b69315b4a69e6183f58a64a
DEBUG: LC_ALL=C JX_LOG_LEVEL=error git fetch origin --unshallow ceace41a462d8bfa0b69315b4a69e6183f58a64a: 9f2c12e2f5c204e876576eaacb28d9b0c5c0b79e:
DEBUG: ran git fetch --unshallow origin ceace41a462d8bfa0b69315b4a69e6183f58a64a: 9f2c12e2f5c204e876576eaacb28d9b0c5c0b79e: in 
DEBUG: LC_ALL=C JX_LOG_LEVEL=error git branch
DEBUG: JX_LOG_LEVEL=error LC_ALL=C git checkout master
DEBUG: ran git checkout master in 
DEBUG: LC_ALL=C JX_LOG_LEVEL=error git reset --hard 9f2c12e2f5c204e876576eaacb28d9b0c5c0b79e
DEBUG: ran git reset --hard 9f2c12e2f5c204e876576eaacb28d9b0c5c0b79e in 
DEBUG: LC_ALL=C JX_LOG_LEVEL=error git clean -fd .
DEBUG: ran clean --force -d . in 
DEBUG: LC_ALL=C JX_LOG_LEVEL=error git merge ceace41a462d8bfa0b69315b4a69e6183f58a64a
DEBUG: ran git merge ceace41a462d8bfa0b69315b4a69e6183f58a64a in 
DEBUG: LC_ALL=C JX_LOG_LEVEL=error git log --format=%H%x1f%an%x1f%ae%x1f%cn%x1f%ce%x1f%s%n%b%x1e 9f2c12e2f5c204e876576eaacb28d9b0c5c0b79e..HEAD
Merged SHA ceace41a462d8bfa0b69315b4a69e6183f58a64a with commit message 'chore: Promote bdd-nh-1582231294 to version 0.0.1' into base branch master

Showing logs for build [32mcb-kubecd-environment-pr-164-37-k4kh9-1[0m stage [32mfrom-build-pack[0m and container [32mstep-build-helm-build[0m
WARNING: No $CHART_REPOSITORY defined so using the default value of: http://jenkins-x-chartmuseum:8080
Adding missing Helm repo: storage.googleapis.com https://storage.googleapis.com/chartmuseum.jenkins-x.io
WARNING: No secrets found on "helm/repos" due: reading the secret "helm/repos" from vault: no secret "helm/repos" not found in vault
Read credentials for https://storage.googleapis.com/chartmuseum.jenkins-x.io from vault helm/repos
Successfully added Helm repository storage.googleapis.com.
Adding missing Helm repo: jenkins-x-chartmuseum http://jenkins-x-chartmuseum:8080
WARNING: No secrets found on "helm/repos" due: reading the secret "helm/repos" from vault: no secret "helm/repos" not found in vault
Read credentials for http://jenkins-x-chartmuseum:8080 from vault helm/repos
Successfully added Helm repository jenkins-x-chartmuseum.
WARNING: No $CHART_REPOSITORY defined so using the default value of: http://jenkins-x-chartmuseum:8080
Adding missing Helm repo: chartmuseum.jenkins-x.io http://chartmuseum.jenkins-x.io
WARNING: No secrets found on "helm/repos" due: reading the secret "helm/repos" from vault: no secret "helm/repos" not found in vault
Read credentials for http://chartmuseum.jenkins-x.io from vault helm/repos
Successfully added Helm repository chartmuseum.jenkins-x.io.
