
Showing logs for build [32mcb-kubecd-environment-pr-164-37-2mmcg-1[0m stage [32mfrom-build-pack[0m and container [32mstep-credential-initializer-8zmjf[0m
{"level":"warn","ts":1582232125.9184213,"logger":"fallback-logger","caller":"logging/config.go:69","msg":"Fetch GitHub commit ID from kodata failed: \"ref: refs/heads/0.8.0-**-support-backwards-incompats\" is not a valid GitHub commit ID"}
{"level":"info","ts":1582232125.9195642,"logger":"fallback-logger","caller":"creds-init/main.go:40","msg":"Credentials initialized."}

Showing logs for build [32mcb-kubecd-environment-pr-164-37-2mmcg-1[0m stage [32mfrom-build-pack[0m and container [32mstep-working-dir-initializer-d7vsm[0m
{"level":"warn","ts":1582232126.86562,"logger":"fallback-logger","caller":"logging/config.go:69","msg":"Fetch GitHub commit ID from kodata failed: open /var/run/ko/HEAD: no such file or directory"}
{"level":"info","ts":1582232126.8674767,"logger":"fallback-logger","caller":"bash/main.go:64","msg":"Successfully executed command \"sh -c mkdir -p /workspace/source\"; output "}

Showing logs for build [32mcb-kubecd-environment-pr-164-37-2mmcg-1[0m stage [32mfrom-build-pack[0m and container [32mstep-place-tools[0m

Showing logs for build [32mcb-kubecd-environment-pr-164-37-2mmcg-1[0m stage [32mfrom-build-pack[0m and container [32mstep-git-source-cb-kubecd-environment-pr-164-37-2mmcg-s9m44[0m
{"level":"warn","ts":1582232131.2072654,"logger":"fallback-logger","caller":"logging/config.go:69","msg":"Fetch GitHub commit ID from kodata failed: \"ref: refs/heads/0.8.0-**-support-backwards-incompats\" is not a valid GitHub commit ID"}
{"level":"info","ts":1582232132.3202791,"logger":"fallback-logger","caller":"git/git.go:103","msg":"Successfully cloned https://github.com/cb-kubecd/environment-pr-164-37-boot-gke-staging.git @ master in path /workspace/source"}

Showing logs for build [32mcb-kubecd-environment-pr-164-37-2mmcg-1[0m stage [32mfrom-build-pack[0m and container [32mstep-git-merge[0m
Using SHAs from PULL_REFS=master:660f81fa313a28d6b6829f0e786a7e178f2710f9,3:7cfe756a12d8fa7efbc72a736fc07d1774afeac7
DEBUG: LC_ALL=C JX_LOG_LEVEL=error git fetch origin --unshallow 7cfe756a12d8fa7efbc72a736fc07d1774afeac7: 660f81fa313a28d6b6829f0e786a7e178f2710f9:
DEBUG: ran git fetch --unshallow origin 7cfe756a12d8fa7efbc72a736fc07d1774afeac7: 660f81fa313a28d6b6829f0e786a7e178f2710f9: in 
DEBUG: LC_ALL=C JX_LOG_LEVEL=error git branch
DEBUG: LC_ALL=C JX_LOG_LEVEL=error git checkout master
DEBUG: ran git checkout master in 
DEBUG: JX_LOG_LEVEL=error LC_ALL=C git reset --hard 660f81fa313a28d6b6829f0e786a7e178f2710f9
DEBUG: ran git reset --hard 660f81fa313a28d6b6829f0e786a7e178f2710f9 in 
DEBUG: LC_ALL=C JX_LOG_LEVEL=error git clean -fd .
DEBUG: ran clean --force -d . in 
DEBUG: LC_ALL=C JX_LOG_LEVEL=error git merge 7cfe756a12d8fa7efbc72a736fc07d1774afeac7
DEBUG: ran git merge 7cfe756a12d8fa7efbc72a736fc07d1774afeac7 in 
DEBUG: JX_LOG_LEVEL=error LC_ALL=C git log --format=%H%x1f%an%x1f%ae%x1f%cn%x1f%ce%x1f%s%n%b%x1e 660f81fa313a28d6b6829f0e786a7e178f2710f9..HEAD
Merged SHA 7cfe756a12d8fa7efbc72a736fc07d1774afeac7 with commit message 'chore: Promote bdd-gh-1582231294 to version 0.0.1' into base branch master

Showing logs for build [32mcb-kubecd-environment-pr-164-37-2mmcg-1[0m stage [32mfrom-build-pack[0m and container [32mstep-build-helm-build[0m
WARNING: No $CHART_REPOSITORY defined so using the default value of: http://jenkins-x-chartmuseum:8080
Adding missing Helm repo: storage.googleapis.com https://storage.googleapis.com/chartmuseum.jenkins-x.io
WARNING: No secrets found on "helm/repos" due: reading the secret "helm/repos" from vault: no secret "helm/repos" not found in vault
Read credentials for https://storage.googleapis.com/chartmuseum.jenkins-x.io from vault helm/repos
Successfully added Helm repository storage.googleapis.com.
Adding missing Helm repo: jenkins-x-chartmuseum http://jenkins-x-chartmuseum:8080
WARNING: No secrets found on "helm/repos" due: reading the secret "helm/repos" from vault: no secret "helm/repos" not found in vault
Read credentials for http://jenkins-x-chartmuseum:8080 from vault helm/repos
Successfully added Helm repository jenkins-x-chartmuseum.
WARNING: No $CHART_REPOSITORY defined so using the default value of: http://jenkins-x-chartmuseum:8080
Adding missing Helm repo: chartmuseum.jenkins-x.io http://chartmuseum.jenkins-x.io
WARNING: No secrets found on "helm/repos" due: reading the secret "helm/repos" from vault: no secret "helm/repos" not found in vault
Read credentials for http://chartmuseum.jenkins-x.io from vault helm/repos
Successfully added Helm repository chartmuseum.jenkins-x.io.
